[28-Sep-2013 20:35:25 America/New_York] PHP Warning:  file_get_contents(https://api.twitter.com/1/statuses/user_timeline.json?screen_name=kurogofwk&amp;trim_user=1): failed to open stream: HTTP request failed! HTTP/1.0 410 Gone
 in /var/www/Kurogo-Mobile-Web/lib/DataRetriever/URLDataRetriever.php on line 481
[28-Sep-2013 20:43:31 America/New_York] PHP Warning:  file_get_contents(https://api.twitter.com/1/statuses/user_timeline.json?screen_name=kurogofwk&amp;trim_user=1): failed to open stream: HTTP request failed! HTTP/1.0 410 Gone
 in /var/www/Kurogo-Mobile-Web/lib/DataRetriever/URLDataRetriever.php on line 481
[28-Sep-2013 20:45:46 America/New_York] PHP Warning:  file_get_contents(https://api.twitter.com/1/statuses/user_timeline.json?screen_name=kurogofwk&amp;trim_user=1): failed to open stream: HTTP request failed! HTTP/1.0 410 Gone
 in /var/www/Kurogo-Mobile-Web/lib/DataRetriever/URLDataRetriever.php on line 481
[28-Sep-2013 20:49:19 America/New_York] PHP Warning:  file_get_contents(https://api.twitter.com/1/statuses/user_timeline.json?screen_name=kurogofwk&amp;trim_user=1): failed to open stream: HTTP request failed! HTTP/1.0 410 Gone
 in /var/www/Kurogo-Mobile-Web/lib/DataRetriever/URLDataRetriever.php on line 481
[28-Sep-2013 20:49:23 America/New_York] PHP Warning:  file_get_contents(https://api.twitter.com/1/statuses/user_timeline.json?screen_name=kurogofwk&amp;trim_user=1): failed to open stream: HTTP request failed! HTTP/1.0 410 Gone
 in /var/www/Kurogo-Mobile-Web/lib/DataRetriever/URLDataRetriever.php on line 481
[28-Sep-2013 20:49:31 America/New_York] PHP Warning:  file_get_contents(https://api.twitter.com/1/statuses/user_timeline.json?screen_name=kurogofwk&amp;trim_user=1): failed to open stream: HTTP request failed! HTTP/1.0 410 Gone
 in /var/www/Kurogo-Mobile-Web/lib/DataRetriever/URLDataRetriever.php on line 481
[28-Sep-2013 21:12:02 America/New_York] PHP Warning:  SimpleXMLElement::__construct(): Entity: line 9: parser error : Opening and ending tag mismatch: link line 9 and lin in /var/www/Kurogo-Mobile-Web/lib/DataParser/SimpleXMLDataParser.php on line 26
[28-Sep-2013 21:12:02 America/New_York] PHP Warning:  SimpleXMLElement::__construct():     &lt;link&gt;http://www.criticalarc.com/&lt;/lin&gt; in /var/www/Kurogo-Mobile-Web/lib/DataParser/SimpleXMLDataParser.php on line 26
[28-Sep-2013 21:12:02 America/New_York] PHP Warning:  SimpleXMLElement::__construct():                                            ^ in /var/www/Kurogo-Mobile-Web/lib/DataParser/SimpleXMLDataParser.php on line 26
[28-Sep-2013 21:12:05 America/New_York] PHP Warning:  SimpleXMLElement::__construct(): Entity: line 9: parser error : Opening and ending tag mismatch: link line 9 and lin in /var/www/Kurogo-Mobile-Web/lib/DataParser/SimpleXMLDataParser.php on line 26
[28-Sep-2013 21:12:05 America/New_York] PHP Warning:  SimpleXMLElement::__construct():     &lt;link&gt;http://www.criticalarc.com/&lt;/lin&gt; in /var/www/Kurogo-Mobile-Web/lib/DataParser/SimpleXMLDataParser.php on line 26
[28-Sep-2013 21:12:05 America/New_York] PHP Warning:  SimpleXMLElement::__construct():                                            ^ in /var/www/Kurogo-Mobile-Web/lib/DataParser/SimpleXMLDataParser.php on line 26
[28-Sep-2013 21:12:26 America/New_York] PHP Warning:  SimpleXMLElement::__construct(): Entity: line 9: parser error : Opening and ending tag mismatch: link line 9 and lin in /var/www/Kurogo-Mobile-Web/lib/DataParser/SimpleXMLDataParser.php on line 26
[28-Sep-2013 21:12:26 America/New_York] PHP Warning:  SimpleXMLElement::__construct():     &lt;link&gt;http://www.criticalarc.com/&lt;/lin&gt; in /var/www/Kurogo-Mobile-Web/lib/DataParser/SimpleXMLDataParser.php on line 26
[28-Sep-2013 21:12:26 America/New_York] PHP Warning:  SimpleXMLElement::__construct():                                            ^ in /var/www/Kurogo-Mobile-Web/lib/DataParser/SimpleXMLDataParser.php on line 26
[28-Sep-2013 21:12:27 America/New_York] PHP Warning:  SimpleXMLElement::__construct(): Entity: line 9: parser error : Opening and ending tag mismatch: link line 9 and lin in /var/www/Kurogo-Mobile-Web/lib/DataParser/SimpleXMLDataParser.php on line 26
[28-Sep-2013 21:12:27 America/New_York] PHP Warning:  SimpleXMLElement::__construct():     &lt;link&gt;http://www.criticalarc.com/&lt;/lin&gt; in /var/www/Kurogo-Mobile-Web/lib/DataParser/SimpleXMLDataParser.php on line 26
[28-Sep-2013 21:12:27 America/New_York] PHP Warning:  SimpleXMLElement::__construct():                                            ^ in /var/www/Kurogo-Mobile-Web/lib/DataParser/SimpleXMLDataParser.php on line 26
[28-Sep-2013 21:12:29 America/New_York] PHP Warning:  SimpleXMLElement::__construct(): Entity: line 9: parser error : Opening and ending tag mismatch: link line 9 and lin in /var/www/Kurogo-Mobile-Web/lib/DataParser/SimpleXMLDataParser.php on line 26
[28-Sep-2013 21:12:29 America/New_York] PHP Warning:  SimpleXMLElement::__construct():     &lt;link&gt;http://www.criticalarc.com/&lt;/lin&gt; in /var/www/Kurogo-Mobile-Web/lib/DataParser/SimpleXMLDataParser.php on line 26
[28-Sep-2013 21:12:29 America/New_York] PHP Warning:  SimpleXMLElement::__construct():                                            ^ in /var/www/Kurogo-Mobile-Web/lib/DataParser/SimpleXMLDataParser.php on line 26
[28-Sep-2013 21:12:35 America/New_York] PHP Warning:  SimpleXMLElement::__construct(): Entity: line 9: parser error : Opening and ending tag mismatch: link line 9 and lin in /var/www/Kurogo-Mobile-Web/lib/DataParser/SimpleXMLDataParser.php on line 26
[28-Sep-2013 21:12:35 America/New_York] PHP Warning:  SimpleXMLElement::__construct():     &lt;link&gt;http://www.criticalarc.com/&lt;/lin&gt; in /var/www/Kurogo-Mobile-Web/lib/DataParser/SimpleXMLDataParser.php on line 26
[28-Sep-2013 21:12:35 America/New_York] PHP Warning:  SimpleXMLElement::__construct():                                            ^ in /var/www/Kurogo-Mobile-Web/lib/DataParser/SimpleXMLDataParser.php on line 26
[28-Sep-2013 21:12:38 America/New_York] PHP Warning:  SimpleXMLElement::__construct(): Entity: line 9: parser error : Opening and ending tag mismatch: link line 9 and lin in /var/www/Kurogo-Mobile-Web/lib/DataParser/SimpleXMLDataParser.php on line 26
[28-Sep-2013 21:12:38 America/New_York] PHP Warning:  SimpleXMLElement::__construct():     &lt;link&gt;http://www.criticalarc.com/&lt;/lin&gt; in /var/www/Kurogo-Mobile-Web/lib/DataParser/SimpleXMLDataParser.php on line 26
[28-Sep-2013 21:12:38 America/New_York] PHP Warning:  SimpleXMLElement::__construct():                                            ^ in /var/www/Kurogo-Mobile-Web/lib/DataParser/SimpleXMLDataParser.php on line 26
[28-Sep-2013 21:12:44 America/New_York] PHP Warning:  SimpleXMLElement::__construct(): Entity: line 9: parser error : Opening and ending tag mismatch: link line 9 and lin in /var/www/Kurogo-Mobile-Web/lib/DataParser/SimpleXMLDataParser.php on line 26
[28-Sep-2013 21:12:44 America/New_York] PHP Warning:  SimpleXMLElement::__construct():     &lt;link&gt;http://www.criticalarc.com/&lt;/lin&gt; in /var/www/Kurogo-Mobile-Web/lib/DataParser/SimpleXMLDataParser.php on line 26
[28-Sep-2013 21:12:44 America/New_York] PHP Warning:  SimpleXMLElement::__construct():                                            ^ in /var/www/Kurogo-Mobile-Web/lib/DataParser/SimpleXMLDataParser.php on line 26
[28-Sep-2013 21:12:51 America/New_York] PHP Warning:  SimpleXMLElement::__construct(): Entity: line 9: parser error : Opening and ending tag mismatch: link line 9 and lin in /var/www/Kurogo-Mobile-Web/lib/DataParser/SimpleXMLDataParser.php on line 26
[28-Sep-2013 21:12:51 America/New_York] PHP Warning:  SimpleXMLElement::__construct():     &lt;link&gt;http://www.criticalarc.com/&lt;/lin&gt; in /var/www/Kurogo-Mobile-Web/lib/DataParser/SimpleXMLDataParser.php on line 26
[28-Sep-2013 21:12:51 America/New_York] PHP Warning:  SimpleXMLElement::__construct():                                            ^ in /var/www/Kurogo-Mobile-Web/lib/DataParser/SimpleXMLDataParser.php on line 26
[29-Sep-2013 00:04:19 America/New_York] PHP Parse error:  syntax error, unexpected 'calendar' (T_STRING) in /var/www/Kurogo-Mobile-Web/app/modules/calendar/CalendarWebModule.php on line 644
[29-Sep-2013 00:19:17 America/New_York] PHP Parse error:  syntax error, unexpected '$feed' (T_VARIABLE) in /var/www/Kurogo-Mobile-Web/app/modules/calendar/CalendarWebModule.php on line 601
